0 info it worked if it ends with ok
1 verbose cli [ '/usr/bin/nodejs', '/usr/bin/npm', 'run', 'browser-test' ]
2 info using npm@3.10.10
3 info using node@v6.9.4
4 verbose run-script [ 'prebrowser-test', 'browser-test', 'postbrowser-test' ]
5 info lifecycle boilerplate-web@1.0.0~prebrowser-test: boilerplate-web@1.0.0
6 silly lifecycle boilerplate-web@1.0.0~prebrowser-test: no script for prebrowser-test, continuing
7 info lifecycle boilerplate-web@1.0.0~browser-test: boilerplate-web@1.0.0
8 verbose lifecycle boilerplate-web@1.0.0~browser-test: unsafe-perm in lifecycle true
9 verbose lifecycle boilerplate-web@1.0.0~browser-test: PATH: /usr/lib/node_modules/npm/bin/node-gyp-bin:/home/luc/code/boilerplate-web/node_modules/.bin:/home/luc/bin:/home/luc/.local/bin:/usr/local/sbin:/usr/local/bin:/usr/sbin:/usr/bin:/sbin:/bin:/usr/games:/usr/local/games:/snap/bin
10 verbose lifecycle boilerplate-web@1.0.0~browser-test: CWD: /home/luc/code/boilerplate-web
11 silly lifecycle boilerplate-web@1.0.0~browser-test: Args: [ '-c',
11 silly lifecycle   'babel-node ./automation/devServer.js  --env.run tests' ]
12 silly lifecycle boilerplate-web@1.0.0~browser-test: Returned: code: 1  signal: null
13 info lifecycle boilerplate-web@1.0.0~browser-test: Failed to exec browser-test script
14 verbose stack Error: boilerplate-web@1.0.0 browser-test: `babel-node ./automation/devServer.js  --env.run tests`
14 verbose stack Exit status 1
14 verbose stack     at EventEmitter.<anonymous> (/usr/lib/node_modules/npm/lib/utils/lifecycle.js:255:16)
14 verbose stack     at emitTwo (events.js:106:13)
14 verbose stack     at EventEmitter.emit (events.js:191:7)
14 verbose stack     at ChildProcess.<anonymous> (/usr/lib/node_modules/npm/lib/utils/spawn.js:40:14)
14 verbose stack     at emitTwo (events.js:106:13)
14 verbose stack     at ChildProcess.emit (events.js:191:7)
14 verbose stack     at maybeClose (internal/child_process.js:877:16)
14 verbose stack     at Process.ChildProcess._handle.onexit (internal/child_process.js:226:5)
15 verbose pkgid boilerplate-web@1.0.0
16 verbose cwd /home/luc/code/boilerplate-web
17 error Linux 4.4.0-64-generic
18 error argv "/usr/bin/nodejs" "/usr/bin/npm" "run" "browser-test"
19 error node v6.9.4
20 error npm  v3.10.10
21 error code ELIFECYCLE
22 error boilerplate-web@1.0.0 browser-test: `babel-node ./automation/devServer.js  --env.run tests`
22 error Exit status 1
23 error Failed at the boilerplate-web@1.0.0 browser-test script 'babel-node ./automation/devServer.js  --env.run tests'.
23 error Make sure you have the latest version of node.js and npm installed.
23 error If you do, this is most likely a problem with the boilerplate-web package,
23 error not with npm itself.
23 error Tell the author that this fails on your system:
23 error     babel-node ./automation/devServer.js  --env.run tests
23 error You can get information on how to open an issue for this project with:
23 error     npm bugs boilerplate-web
23 error Or if that isn't available, you can get their info via:
23 error     npm owner ls boilerplate-web
23 error There is likely additional logging output above.
24 verbose exit [ 1, true ]
